F:\INF\SASHKA EINSTEIN\EDUCATION\ASD\TREE\SLN\VS10\TREE\DEBUG\SAMPLE_HEAP.EXE
F:\INF\SASHKA EINSTEIN\EDUCATION\ASD\TREE\SLN\VS10\TREE\DEBUG\SAMPLE_HEAP.ILK
F:\INF\SASHKA EINSTEIN\EDUCATION\ASD\TREE\SLN\VS10\TREE\DEBUG\SAMPLE_HEAP.PDB
F:\Inf\sashka einstein\education\asd\Tree\sln\vs10\Tree\sample_tree\Debug\cl.command.1.tlog
F:\Inf\sashka einstein\education\asd\Tree\sln\vs10\Tree\sample_tree\Debug\CL.read.1.tlog
F:\Inf\sashka einstein\education\asd\Tree\sln\vs10\Tree\sample_tree\Debug\CL.write.1.tlog
F:\Inf\sashka einstein\education\asd\Tree\sln\vs10\Tree\sample_tree\Debug\link.1968.read.1.tlog
F:\Inf\sashka einstein\education\asd\Tree\sln\vs10\Tree\sample_tree\Debug\link.1968.write.1.tlog
F:\Inf\sashka einstein\education\asd\Tree\sln\vs10\Tree\sample_tree\Debug\link.1968-cvtres.read.1.tlog
F:\Inf\sashka einstein\education\asd\Tree\sln\vs10\Tree\sample_tree\Debug\link.1968-cvtres.write.1.tlog
F:\Inf\sashka einstein\education\asd\Tree\sln\vs10\Tree\sample_tree\Debug\link.command.1.tlog
F:\Inf\sashka einstein\education\asd\Tree\sln\vs10\Tree\sample_tree\Debug\link.read.1.tlog
F:\Inf\sashka einstein\education\asd\Tree\sln\vs10\Tree\sample_tree\Debug\link.write.1.tlog
F:\Inf\sashka einstein\education\asd\Tree\sln\vs10\Tree\sample_tree\Debug\link-cvtres.read.1.tlog
F:\Inf\sashka einstein\education\asd\Tree\sln\vs10\Tree\sample_tree\Debug\link-cvtres.write.1.tlog
F:\Inf\sashka einstein\education\asd\Tree\sln\vs10\Tree\sample_tree\Debug\mt.command.1.tlog
F:\Inf\sashka einstein\education\asd\Tree\sln\vs10\Tree\sample_tree\Debug\mt.read.1.tlog
F:\Inf\sashka einstein\education\asd\Tree\sln\vs10\Tree\sample_tree\Debug\mt.write.1.tlog
F:\Inf\sashka einstein\education\asd\Tree\sln\vs10\Tree\sample_tree\Debug\rc.command.1.tlog
F:\Inf\sashka einstein\education\asd\Tree\sln\vs10\Tree\sample_tree\Debug\rc.read.1.tlog
F:\Inf\sashka einstein\education\asd\Tree\sln\vs10\Tree\sample_tree\Debug\rc.write.1.tlog
F:\INF\SASHKA EINSTEIN\EDUCATION\ASD\TREE\SLN\VS10\TREE\SAMPLE_TREE\DEBUG\SAMPLE_HEAP.EXE.EMBED.MANIFEST
F:\INF\SASHKA EINSTEIN\EDUCATION\ASD\TREE\SLN\VS10\TREE\SAMPLE_TREE\DEBUG\SAMPLE_HEAP.EXE.EMBED.MANIFEST.RES
F:\INF\SASHKA EINSTEIN\EDUCATION\ASD\TREE\SLN\VS10\TREE\SAMPLE_TREE\DEBUG\SAMPLE_HEAP.EXE.INTERMEDIATE.MANIFEST
F:\INF\SASHKA EINSTEIN\EDUCATION\ASD\TREE\SLN\VS10\TREE\SAMPLE_TREE\DEBUG\SAMPLE_HEAP.OBJ
F:\Inf\sashka einstein\education\asd\Tree\sln\vs10\Tree\sample_tree\Debug\sample_heap.write.1.tlog
F:\Inf\sashka einstein\education\asd\Tree\sln\vs10\Tree\sample_tree\Debug\sample_heap_manifest.rc
F:\Inf\sashka einstein\education\asd\Tree\sln\vs10\Tree\sample_tree\Debug\sample_tree.vcxprojResolveAssemblyReference.cache
F:\Inf\sashka einstein\education\asd\Tree\sln\vs10\Tree\sample_tree\Debug\vc100.idb
F:\INF\SASHKA EINSTEIN\EDUCATION\ASD\TREE\SLN\VS10\TREE\SAMPLE_TREE\DEBUG\VC100.PDB
